  [1m[36m (80.5ms)[0m  [1mCREATE TABLE "schema_migrations" ("version" varchar NOT NULL) [0m
  [1m[35m (0.1ms)[0m  select sqlite_version(*)
  [1m[36m (65.7ms)[0m  [1mCREATE UNIQUE INDEX "unique_schema_migrations" ON "schema_migrations" ("version")[0m
  [1m[35mActiveRecord::SchemaMigration Load (0.1ms)[0m  SELECT "schema_migrations".* FROM "schema_migrations"
Migrating to CreatePortfolios (20160731114018)
  [1m[36m (0.1ms)[0m  [1mbegin transaction[0m
  [1m[35m (0.3ms)[0m  CREATE TABLE "portfolios" ("id" INTEGER PRIMARY KEY AUTOINCREMENT NOT NULL, "name" varchar, "degree" varchar, "phone" varchar, "professional_history" varchar, "avatar" varchar, "created_at" datetime NOT NULL, "updated_at" datetime NOT NULL) 
  [1m[36mSQL (0.3ms)[0m  [1mINSERT INTO "schema_migrations" ("version") VALUES (?)[0m  [["version", "20160731114018"]]
  [1m[35m (75.7ms)[0m  commit transaction
  [1m[36mActiveRecord::SchemaMigration Load (0.1ms)[0m  [1mSELECT "schema_migrations".* FROM "schema_migrations"[0m


Started GET "/portfolios" for 127.0.0.1 at 2016-07-31 08:41:39 -0300
  [1m[36mActiveRecord::SchemaMigration Load (0.1ms)[0m  [1mSELECT "schema_migrations".* FROM "schema_migrations"[0m
Processing by PortfoliosController#index as HTML
  [1m[35mPortfolio Load (0.3ms)[0m  SELECT "portfolios".* FROM "portfolios"
  Rendered portfolios/index.html.erb within layouts/application (5.4ms)
Completed 200 OK in 1366ms (Views: 1354.6ms | ActiveRecord: 0.5ms)


Started GET "/assets/portfolios.self-e3b0c44298fc1c149afbf4c8996fb92427ae41e4649b934ca495991b7852b855.css?body=1" for 127.0.0.1 at 2016-07-31 08:41:40 -0300


Started GET "/assets/scaffolds.self-329a6e687b9c5203bd31a41bb3a81080f4daa43de1adb43ac5c5f6c31ea6dc8e.css?body=1" for 127.0.0.1 at 2016-07-31 08:41:40 -0300


Started GET "/assets/portfolios.self-877aef30ae1b040ab8a3aba4e3e309a11d7f2612f44dde450b5c157aa5f95c05.js?body=1" for 127.0.0.1 at 2016-07-31 08:41:40 -0300


Started GET "/portfolios/new" for 127.0.0.1 at 2016-07-31 08:41:45 -0300
Processing by PortfoliosController#new as HTML
  Rendered portfolios/_form.html.erb (86.6ms)
  Rendered portfolios/new.html.erb within layouts/application (137.7ms)
Completed 200 OK in 158ms (Views: 150.4ms | ActiveRecord: 0.3ms)


Started GET "/portfolios" for 127.0.0.1 at 2016-07-31 08:41:48 -0300
Processing by PortfoliosController#index as HTML
  [1m[36mPortfolio Load (0.2ms)[0m  [1mSELECT "portfolios".* FROM "portfolios"[0m
  Rendered portfolios/index.html.erb within layouts/application (1.2ms)
Completed 200 OK in 22ms (Views: 21.2ms | ActiveRecord: 0.2ms)


Started GET "/admin/portfolios" for 127.0.0.1 at 2016-07-31 08:46:09 -0300
Processing by Admin::PortfoliosController#index as HTML
  [1m[35mPortfolio Load (0.3ms)[0m  SELECT "portfolios".* FROM "portfolios"
  Rendered admin/portfolios/index.html.erb within layouts/application (34.6ms)
Completed 500 Internal Server Error in 41ms (ActiveRecord: 0.4ms)

ActionView::Template::Error (undefined local variable or method `new_portfolio_path' for #<#<Class:0x007fc70c588ad8>:0x007fc70c59a5d0>
Did you mean?  new_admin_portfolio_path):
    32: 
    33: <br>
    34: 
    35: <%= link_to 'New Portfolio', new_portfolio_path %>
  app/views/admin/portfolios/index.html.erb:35:in `_app_views_admin_portfolios_index_html_erb___2389437246444628612_70246441208160'


  Rendered /home/aluno125/.rbenv/versions/2.3.1/lib/ruby/gems/2.3.0/gems/actionpack-4.2.6/lib/action_dispatch/middleware/templates/rescues/_source.erb (6.4ms)
  Rendered /home/aluno125/.rbenv/versions/2.3.1/lib/ruby/gems/2.3.0/gems/actionpack-4.2.6/lib/action_dispatch/middleware/templates/rescues/_trace.html.erb (5.6ms)
  Rendered /home/aluno125/.rbenv/versions/2.3.1/lib/ruby/gems/2.3.0/gems/actionpack-4.2.6/lib/action_dispatch/middleware/templates/rescues/_request_and_response.html.erb (1.9ms)
  Rendered /home/aluno125/.rbenv/versions/2.3.1/lib/ruby/gems/2.3.0/gems/actionpack-4.2.6/lib/action_dispatch/middleware/templates/rescues/template_error.html.erb within rescues/layout (37.3ms)
  Rendered /home/aluno125/.rbenv/versions/2.3.1/lib/ruby/gems/2.3.0/gems/web-console-2.3.0/lib/web_console/templates/_markup.html.erb (0.3ms)
  Rendered /home/aluno125/.rbenv/versions/2.3.1/lib/ruby/gems/2.3.0/gems/web-console-2.3.0/lib/web_console/templates/_inner_console_markup.html.erb within layouts/inlined_string (0.3ms)
  Rendered /home/aluno125/.rbenv/versions/2.3.1/lib/ruby/gems/2.3.0/gems/web-console-2.3.0/lib/web_console/templates/_prompt_box_markup.html.erb within layouts/inlined_string (1.1ms)
  Rendered /home/aluno125/.rbenv/versions/2.3.1/lib/ruby/gems/2.3.0/gems/web-console-2.3.0/lib/web_console/templates/style.css.erb within layouts/inlined_string (0.6ms)
  Rendered /home/aluno125/.rbenv/versions/2.3.1/lib/ruby/gems/2.3.0/gems/web-console-2.3.0/lib/web_console/templates/console.js.erb within layouts/javascript (27.8ms)
  Rendered /home/aluno125/.rbenv/versions/2.3.1/lib/ruby/gems/2.3.0/gems/web-console-2.3.0/lib/web_console/templates/main.js.erb within layouts/javascript (0.6ms)
  Rendered /home/aluno125/.rbenv/versions/2.3.1/lib/ruby/gems/2.3.0/gems/web-console-2.3.0/lib/web_console/templates/error_page.js.erb within layouts/javascript (0.4ms)
  Rendered /home/aluno125/.rbenv/versions/2.3.1/lib/ruby/gems/2.3.0/gems/web-console-2.3.0/lib/web_console/templates/index.html.erb (70.2ms)


Started GET "/admin/portfolios" for 127.0.0.1 at 2016-07-31 08:47:06 -0300
Processing by Admin::PortfoliosController#index as HTML
  [1m[36mPortfolio Load (0.2ms)[0m  [1mSELECT "portfolios".* FROM "portfolios"[0m
  Rendered admin/portfolios/index.html.erb within layouts/application (1.9ms)
Completed 200 OK in 15ms (Views: 14.5ms | ActiveRecord: 0.2ms)


Started GET "/admin/portfolios/new" for 127.0.0.1 at 2016-07-31 08:47:16 -0300
Processing by Admin::PortfoliosController#new as HTML
  Rendered admin/portfolios/_form.html.erb (33.5ms)
  Rendered admin/portfolios/new.html.erb within layouts/application (34.9ms)
Completed 500 Internal Server Error in 45ms (ActiveRecord: 0.4ms)

ActionView::Template::Error (undefined method `portfolios_path' for #<#<Class:0x007fc70c588ad8>:0x007fc70cba2748>):
    1: <%= form_for(@portfolio) do |f| %>
    2:   <% if @portfolio.errors.any? %>
    3:     <div id="error_explanation">
    4:       <h2><%= pluralize(@portfolio.errors.count, "error") %> prohibited this portfolio from being saved:</h2>
  app/views/admin/portfolios/_form.html.erb:1:in `_app_views_admin_portfolios__form_html_erb___3574432675050703032_70246444325600'
  app/views/admin/portfolios/new.html.erb:3:in `_app_views_admin_portfolios_new_html_erb___1233152037246324795_70246444370420'


  Rendered /home/aluno125/.rbenv/versions/2.3.1/lib/ruby/gems/2.3.0/gems/actionpack-4.2.6/lib/action_dispatch/middleware/templates/rescues/_source.erb (6.8ms)
  Rendered /home/aluno125/.rbenv/versions/2.3.1/lib/ruby/gems/2.3.0/gems/actionpack-4.2.6/lib/action_dispatch/middleware/templates/rescues/_trace.html.erb (10.1ms)
  Rendered /home/aluno125/.rbenv/versions/2.3.1/lib/ruby/gems/2.3.0/gems/actionpack-4.2.6/lib/action_dispatch/middleware/templates/rescues/_request_and_response.html.erb (0.9ms)
  Rendered /home/aluno125/.rbenv/versions/2.3.1/lib/ruby/gems/2.3.0/gems/actionpack-4.2.6/lib/action_dispatch/middleware/templates/rescues/template_error.html.erb within rescues/layout (32.6ms)
  Rendered /home/aluno125/.rbenv/versions/2.3.1/lib/ruby/gems/2.3.0/gems/web-console-2.3.0/lib/web_console/templates/_markup.html.erb (0.4ms)
  Rendered /home/aluno125/.rbenv/versions/2.3.1/lib/ruby/gems/2.3.0/gems/web-console-2.3.0/lib/web_console/templates/_inner_console_markup.html.erb within layouts/inlined_string (0.3ms)
  Rendered /home/aluno125/.rbenv/versions/2.3.1/lib/ruby/gems/2.3.0/gems/web-console-2.3.0/lib/web_console/templates/_prompt_box_markup.html.erb within layouts/inlined_string (0.2ms)
  Rendered /home/aluno125/.rbenv/versions/2.3.1/lib/ruby/gems/2.3.0/gems/web-console-2.3.0/lib/web_console/templates/style.css.erb within layouts/inlined_string (0.2ms)
  Rendered /home/aluno125/.rbenv/versions/2.3.1/lib/ruby/gems/2.3.0/gems/web-console-2.3.0/lib/web_console/templates/console.js.erb within layouts/javascript (17.1ms)
  Rendered /home/aluno125/.rbenv/versions/2.3.1/lib/ruby/gems/2.3.0/gems/web-console-2.3.0/lib/web_console/templates/main.js.erb within layouts/javascript (0.3ms)
  Rendered /home/aluno125/.rbenv/versions/2.3.1/lib/ruby/gems/2.3.0/gems/web-console-2.3.0/lib/web_console/templates/error_page.js.erb within layouts/javascript (0.3ms)
  Rendered /home/aluno125/.rbenv/versions/2.3.1/lib/ruby/gems/2.3.0/gems/web-console-2.3.0/lib/web_console/templates/index.html.erb (33.1ms)


Started GET "/admin/portfolios/new" for 127.0.0.1 at 2016-07-31 08:48:30 -0300
Processing by Admin::PortfoliosController#new as HTML
  Rendered admin/portfolios/_form.html.erb (1.3ms)
  Rendered admin/portfolios/new.html.erb within layouts/application (1.9ms)
Completed 500 Internal Server Error in 4ms (ActiveRecord: 0.0ms)

SyntaxError (/home/aluno125/Documentos/exemplo_portifolio/app/views/admin/portfolios/_form.html.erb:1: syntax error, unexpected keyword_do_block, expecting keyword_end
...form_for[:admin, @portfolio] do |f| @output_buffer.safe_appe...
...                               ^
/home/aluno125/Documentos/exemplo_portifolio/app/views/admin/portfolios/_form.html.erb:39: syntax error, unexpected keyword_ensure, expecting end-of-input):
  app/views/admin/portfolios/_form.html.erb:1: syntax error, unexpected keyword_do_block, expecting keyword_end
  app/views/admin/portfolios/_form.html.erb:39: syntax error, unexpected keyword_ensure, expecting end-of-input
  app/views/admin/portfolios/new.html.erb:3:in `_app_views_admin_portfolios_new_html_erb___1233152037246324795_70246444370420'


  Rendered /home/aluno125/.rbenv/versions/2.3.1/lib/ruby/gems/2.3.0/gems/actionpack-4.2.6/lib/action_dispatch/middleware/templates/rescues/_source.erb (7.4ms)
  Rendered /home/aluno125/.rbenv/versions/2.3.1/lib/ruby/gems/2.3.0/gems/actionpack-4.2.6/lib/action_dispatch/middleware/templates/rescues/_trace.html.erb (3.2ms)
  Rendered /home/aluno125/.rbenv/versions/2.3.1/lib/ruby/gems/2.3.0/gems/actionpack-4.2.6/lib/action_dispatch/middleware/templates/rescues/_request_and_response.html.erb (1.0ms)
  Rendered /home/aluno125/.rbenv/versions/2.3.1/lib/ruby/gems/2.3.0/gems/actionpack-4.2.6/lib/action_dispatch/middleware/templates/rescues/diagnostics.html.erb within rescues/layout (26.0ms)
  Rendered /home/aluno125/.rbenv/versions/2.3.1/lib/ruby/gems/2.3.0/gems/web-console-2.3.0/lib/web_console/templates/_markup.html.erb (0.3ms)
  Rendered /home/aluno125/.rbenv/versions/2.3.1/lib/ruby/gems/2.3.0/gems/web-console-2.3.0/lib/web_console/templates/_inner_console_markup.html.erb within layouts/inlined_string (0.4ms)
  Rendered /home/aluno125/.rbenv/versions/2.3.1/lib/ruby/gems/2.3.0/gems/web-console-2.3.0/lib/web_console/templates/_prompt_box_markup.html.erb within layouts/inlined_string (0.2ms)
  Rendered /home/aluno125/.rbenv/versions/2.3.1/lib/ruby/gems/2.3.0/gems/web-console-2.3.0/lib/web_console/templates/style.css.erb within layouts/inlined_string (0.2ms)
  Rendered /home/aluno125/.rbenv/versions/2.3.1/lib/ruby/gems/2.3.0/gems/web-console-2.3.0/lib/web_console/templates/console.js.erb within layouts/javascript (16.5ms)
  Rendered /home/aluno125/.rbenv/versions/2.3.1/lib/ruby/gems/2.3.0/gems/web-console-2.3.0/lib/web_console/templates/main.js.erb within layouts/javascript (0.2ms)
  Rendered /home/aluno125/.rbenv/versions/2.3.1/lib/ruby/gems/2.3.0/gems/web-console-2.3.0/lib/web_console/templates/error_page.js.erb within layouts/javascript (0.3ms)
  Rendered /home/aluno125/.rbenv/versions/2.3.1/lib/ruby/gems/2.3.0/gems/web-console-2.3.0/lib/web_console/templates/index.html.erb (32.2ms)


Started GET "/admin/portfolios/new" for 127.0.0.1 at 2016-07-31 08:48:54 -0300
Processing by Admin::PortfoliosController#new as HTML
  Rendered admin/portfolios/_form.html.erb (4.0ms)
  Rendered admin/portfolios/new.html.erb within layouts/application (49.1ms)
Completed 500 Internal Server Error in 51ms (ActiveRecord: 0.0ms)

ActionView::Template::Error (undefined local variable or method `portfolios_path' for #<#<Class:0x007fc70c588ad8>:0x007fc70cd9e240>
Did you mean?  @portfolio):
    2: 
    3: <%= render 'form' %>
    4: 
    5: <%= link_to 'Back', portfolios_path %>
  app/views/admin/portfolios/new.html.erb:5:in `_app_views_admin_portfolios_new_html_erb___1233152037246324795_70246444370420'


  Rendered /home/aluno125/.rbenv/versions/2.3.1/lib/ruby/gems/2.3.0/gems/actionpack-4.2.6/lib/action_dispatch/middleware/templates/rescues/_source.erb (5.9ms)
  Rendered /home/aluno125/.rbenv/versions/2.3.1/lib/ruby/gems/2.3.0/gems/actionpack-4.2.6/lib/action_dispatch/middleware/templates/rescues/_trace.html.erb (2.7ms)
  Rendered /home/aluno125/.rbenv/versions/2.3.1/lib/ruby/gems/2.3.0/gems/actionpack-4.2.6/lib/action_dispatch/middleware/templates/rescues/_request_and_response.html.erb (0.9ms)
  Rendered /home/aluno125/.rbenv/versions/2.3.1/lib/ruby/gems/2.3.0/gems/actionpack-4.2.6/lib/action_dispatch/middleware/templates/rescues/template_error.html.erb within rescues/layout (23.9ms)
  Rendered /home/aluno125/.rbenv/versions/2.3.1/lib/ruby/gems/2.3.0/gems/web-console-2.3.0/lib/web_console/templates/_markup.html.erb (0.5ms)
  Rendered /home/aluno125/.rbenv/versions/2.3.1/lib/ruby/gems/2.3.0/gems/web-console-2.3.0/lib/web_console/templates/_inner_console_markup.html.erb within layouts/inlined_string (0.4ms)
  Rendered /home/aluno125/.rbenv/versions/2.3.1/lib/ruby/gems/2.3.0/gems/web-console-2.3.0/lib/web_console/templates/_prompt_box_markup.html.erb within layouts/inlined_string (0.3ms)
  Rendered /home/aluno125/.rbenv/versions/2.3.1/lib/ruby/gems/2.3.0/gems/web-console-2.3.0/lib/web_console/templates/style.css.erb within layouts/inlined_string (0.4ms)
  Rendered /home/aluno125/.rbenv/versions/2.3.1/lib/ruby/gems/2.3.0/gems/web-console-2.3.0/lib/web_console/templates/console.js.erb within layouts/javascript (16.8ms)
  Rendered /home/aluno125/.rbenv/versions/2.3.1/lib/ruby/gems/2.3.0/gems/web-console-2.3.0/lib/web_console/templates/main.js.erb within layouts/javascript (0.2ms)
  Rendered /home/aluno125/.rbenv/versions/2.3.1/lib/ruby/gems/2.3.0/gems/web-console-2.3.0/lib/web_console/templates/error_page.js.erb within layouts/javascript (0.3ms)
  Rendered /home/aluno125/.rbenv/versions/2.3.1/lib/ruby/gems/2.3.0/gems/web-console-2.3.0/lib/web_console/templates/index.html.erb (33.2ms)


Started GET "/admin/portfolios/new" for 127.0.0.1 at 2016-07-31 08:49:21 -0300
Processing by Admin::PortfoliosController#new as HTML
  Rendered admin/portfolios/_form.html.erb (3.7ms)
  Rendered admin/portfolios/new.html.erb within layouts/application (5.5ms)
Completed 200 OK in 20ms (Views: 18.7ms | ActiveRecord: 0.0ms)


Started GET "/assets/portfolios.self-e3b0c44298fc1c149afbf4c8996fb92427ae41e4649b934ca495991b7852b855.css?body=1" for 127.0.0.1 at 2016-07-31 08:49:21 -0300


Started GET "/assets/application.self-e80e8f2318043e8af94dddc2adad5a4f09739a8ebb323b3ab31cd71d45fd9113.css?body=1" for 127.0.0.1 at 2016-07-31 08:49:21 -0300


Started GET "/assets/jquery_ujs.self-e87806d0cf4489aeb1bb7288016024e8de67fd18db693fe026fe3907581e53cd.js?body=1" for 127.0.0.1 at 2016-07-31 08:49:21 -0300


Started GET "/assets/portfolios.self-877aef30ae1b040ab8a3aba4e3e309a11d7f2612f44dde450b5c157aa5f95c05.js?body=1" for 127.0.0.1 at 2016-07-31 08:49:21 -0300


Started GET "/assets/jquery.self-660adc51e0224b731d29f575a6f1ec167ba08ad06ed5deca4f1e8654c135bf4c.js?body=1" for 127.0.0.1 at 2016-07-31 08:49:21 -0300


Started GET "/assets/scaffolds.self-329a6e687b9c5203bd31a41bb3a81080f4daa43de1adb43ac5c5f6c31ea6dc8e.css?body=1" for 127.0.0.1 at 2016-07-31 08:49:21 -0300


Started GET "/assets/turbolinks.self-c5acd7a204f5f25ce7a1d8a0e4d92e28d34c9e2df2c7371cd7af88e147e4ad82.js?body=1" for 127.0.0.1 at 2016-07-31 08:49:21 -0300


Started GET "/assets/application.self-3b8dabdc891efe46b9a144b400ad69e37d7e5876bdc39dee783419a69d7ca819.js?body=1" for 127.0.0.1 at 2016-07-31 08:49:21 -0300


Started POST "/admin/portfolios" for 127.0.0.1 at 2016-07-31 08:49:23 -0300
Processing by Admin::PortfoliosController#create as HTML
  Parameters: {"utf8"=>"✓", "authenticity_token"=>"Irr1QSkFsUbxiZSBG97RrJeGmO4oueIHsYgQJBi0t/tHitSwkeL5KG+PiuQsaEVz3c3ZQOgP57cFEhE/MmBjVw==", "portfolio"=>{"name"=>"", "degree"=>"", "phone"=>"", "professional_history"=>"", "avatar"=>""}, "commit"=>"Create Portfolio"}
  [1m[35m (0.2ms)[0m  begin transaction
  [1m[36mSQL (0.5ms)[0m  [1mINSERT INTO "portfolios" ("name", "degree", "phone", "professional_history", "avatar", "created_at", "updated_at") VALUES (?, ?, ?, ?, ?, ?, ?)[0m  [["name", ""], ["degree", ""], ["phone", ""], ["professional_history", ""], ["avatar", ""], ["created_at", "2016-07-31 11:49:23.347324"], ["updated_at", "2016-07-31 11:49:23.347324"]]
  [1m[35m (60.7ms)[0m  commit transaction
Redirected to 
Completed 500 Internal Server Error in 93ms (ActiveRecord: 61.4ms)

NoMethodError (undefined method `portfolio_url' for #<Admin::PortfoliosController:0x0055bfef1a7548>
Did you mean?  portfolio_params):
  app/controllers/admin/portfolios_controller.rb:31:in `block (2 levels) in create'
  app/controllers/admin/portfolios_controller.rb:29:in `create'


  Rendered /home/aluno125/.rbenv/versions/2.3.1/lib/ruby/gems/2.3.0/gems/actionpack-4.2.6/lib/action_dispatch/middleware/templates/rescues/_source.erb (4.9ms)
  Rendered /home/aluno125/.rbenv/versions/2.3.1/lib/ruby/gems/2.3.0/gems/actionpack-4.2.6/lib/action_dispatch/middleware/templates/rescues/_trace.html.erb (2.2ms)
  Rendered /home/aluno125/.rbenv/versions/2.3.1/lib/ruby/gems/2.3.0/gems/actionpack-4.2.6/lib/action_dispatch/middleware/templates/rescues/_request_and_response.html.erb (1.0ms)
  Rendered /home/aluno125/.rbenv/versions/2.3.1/lib/ruby/gems/2.3.0/gems/actionpack-4.2.6/lib/action_dispatch/middleware/templates/rescues/diagnostics.html.erb within rescues/layout (24.8ms)
  Rendered /home/aluno125/.rbenv/versions/2.3.1/lib/ruby/gems/2.3.0/gems/web-console-2.3.0/lib/web_console/templates/_markup.html.erb (0.3ms)
  Rendered /home/aluno125/.rbenv/versions/2.3.1/lib/ruby/gems/2.3.0/gems/web-console-2.3.0/lib/web_console/templates/_inner_console_markup.html.erb within layouts/inlined_string (0.4ms)
  Rendered /home/aluno125/.rbenv/versions/2.3.1/lib/ruby/gems/2.3.0/gems/web-console-2.3.0/lib/web_console/templates/_prompt_box_markup.html.erb within layouts/inlined_string (0.3ms)
  Rendered /home/aluno125/.rbenv/versions/2.3.1/lib/ruby/gems/2.3.0/gems/web-console-2.3.0/lib/web_console/templates/style.css.erb within layouts/inlined_string (0.2ms)
  Rendered /home/aluno125/.rbenv/versions/2.3.1/lib/ruby/gems/2.3.0/gems/web-console-2.3.0/lib/web_console/templates/console.js.erb within layouts/javascript (16.2ms)
  Rendered /home/aluno125/.rbenv/versions/2.3.1/lib/ruby/gems/2.3.0/gems/web-console-2.3.0/lib/web_console/templates/main.js.erb within layouts/javascript (0.2ms)
  Rendered /home/aluno125/.rbenv/versions/2.3.1/lib/ruby/gems/2.3.0/gems/web-console-2.3.0/lib/web_console/templates/error_page.js.erb within layouts/javascript (0.3ms)
  Rendered /home/aluno125/.rbenv/versions/2.3.1/lib/ruby/gems/2.3.0/gems/web-console-2.3.0/lib/web_console/templates/index.html.erb (32.1ms)


Started POST "/admin/portfolios" for 127.0.0.1 at 2016-07-31 08:52:14 -0300
Processing by Admin::PortfoliosController#create as HTML
  Parameters: {"utf8"=>"✓", "authenticity_token"=>"Irr1QSkFsUbxiZSBG97RrJeGmO4oueIHsYgQJBi0t/tHitSwkeL5KG+PiuQsaEVz3c3ZQOgP57cFEhE/MmBjVw==", "portfolio"=>{"name"=>"", "degree"=>"", "phone"=>"", "professional_history"=>"", "avatar"=>""}, "commit"=>"Create Portfolio"}
  [1m[36m (0.2ms)[0m  [1mbegin transaction[0m
  [1m[35mSQL (0.3ms)[0m  INSERT INTO "portfolios" ("name", "degree", "phone", "professional_history", "avatar", "created_at", "updated_at") VALUES (?, ?, ?, ?, ?, ?, ?)  [["name", ""], ["degree", ""], ["phone", ""], ["professional_history", ""], ["avatar", ""], ["created_at", "2016-07-31 11:52:14.032677"], ["updated_at", "2016-07-31 11:52:14.032677"]]
  [1m[36m (63.7ms)[0m  [1mcommit transaction[0m
Redirected to 
Completed 500 Internal Server Error in 87ms (ActiveRecord: 64.1ms)

NoMethodError (undefined method `portfolio_url' for #<Admin::PortfoliosController:0x007fc70c47c2e8>
Did you mean?  portfolio_params):
  app/controllers/admin/portfolios_controller.rb:31:in `block (2 levels) in create'
  app/controllers/admin/portfolios_controller.rb:29:in `create'


  Rendered /home/aluno125/.rbenv/versions/2.3.1/lib/ruby/gems/2.3.0/gems/actionpack-4.2.6/lib/action_dispatch/middleware/templates/rescues/_source.erb (4.5ms)
  Rendered /home/aluno125/.rbenv/versions/2.3.1/lib/ruby/gems/2.3.0/gems/actionpack-4.2.6/lib/action_dispatch/middleware/templates/rescues/_trace.html.erb (2.0ms)
  Rendered /home/aluno125/.rbenv/versions/2.3.1/lib/ruby/gems/2.3.0/gems/actionpack-4.2.6/lib/action_dispatch/middleware/templates/rescues/_request_and_response.html.erb (0.9ms)
  Rendered /home/aluno125/.rbenv/versions/2.3.1/lib/ruby/gems/2.3.0/gems/actionpack-4.2.6/lib/action_dispatch/middleware/templates/rescues/diagnostics.html.erb within rescues/layout (32.3ms)
  Rendered /home/aluno125/.rbenv/versions/2.3.1/lib/ruby/gems/2.3.0/gems/web-console-2.3.0/lib/web_console/templates/_markup.html.erb (0.3ms)
  Rendered /home/aluno125/.rbenv/versions/2.3.1/lib/ruby/gems/2.3.0/gems/web-console-2.3.0/lib/web_console/templates/_inner_console_markup.html.erb within layouts/inlined_string (0.2ms)
  Rendered /home/aluno125/.rbenv/versions/2.3.1/lib/ruby/gems/2.3.0/gems/web-console-2.3.0/lib/web_console/templates/_prompt_box_markup.html.erb within layouts/inlined_string (0.3ms)
  Rendered /home/aluno125/.rbenv/versions/2.3.1/lib/ruby/gems/2.3.0/gems/web-console-2.3.0/lib/web_console/templates/style.css.erb within layouts/inlined_string (0.3ms)
  Rendered /home/aluno125/.rbenv/versions/2.3.1/lib/ruby/gems/2.3.0/gems/web-console-2.3.0/lib/web_console/templates/console.js.erb within layouts/javascript (15.8ms)
  Rendered /home/aluno125/.rbenv/versions/2.3.1/lib/ruby/gems/2.3.0/gems/web-console-2.3.0/lib/web_console/templates/main.js.erb within layouts/javascript (0.2ms)
  Rendered /home/aluno125/.rbenv/versions/2.3.1/lib/ruby/gems/2.3.0/gems/web-console-2.3.0/lib/web_console/templates/error_page.js.erb within layouts/javascript (0.3ms)
  Rendered /home/aluno125/.rbenv/versions/2.3.1/lib/ruby/gems/2.3.0/gems/web-console-2.3.0/lib/web_console/templates/index.html.erb (32.0ms)


Started POST "/admin/portfolios" for 127.0.0.1 at 2016-07-31 08:52:32 -0300
Processing by Admin::PortfoliosController#create as HTML
  Parameters: {"utf8"=>"✓", "authenticity_token"=>"Irr1QSkFsUbxiZSBG97RrJeGmO4oueIHsYgQJBi0t/tHitSwkeL5KG+PiuQsaEVz3c3ZQOgP57cFEhE/MmBjVw==", "portfolio"=>{"name"=>"Victor Santos", "degree"=>"asodijas", "phone"=>"", "professional_history"=>"", "avatar"=>""}, "commit"=>"Create Portfolio"}
  [1m[35m (0.1ms)[0m  begin transaction
  [1m[36mSQL (0.2ms)[0m  [1mINSERT INTO "portfolios" ("name", "degree", "phone", "professional_history", "avatar", "created_at", "updated_at") VALUES (?, ?, ?, ?, ?, ?, ?)[0m  [["name", "Victor Santos"], ["degree", "asodijas"], ["phone", ""], ["professional_history", ""], ["avatar", ""], ["created_at", "2016-07-31 11:52:32.729479"], ["updated_at", "2016-07-31 11:52:32.729479"]]
  [1m[35m (99.1ms)[0m  commit transaction
Redirected to 
Completed 500 Internal Server Error in 118ms (ActiveRecord: 99.4ms)

NoMethodError (undefined method `portfolio_url' for #<Admin::PortfoliosController:0x007fc70c379c88>
Did you mean?  portfolio_params):
  app/controllers/admin/portfolios_controller.rb:31:in `block (2 levels) in create'
  app/controllers/admin/portfolios_controller.rb:29:in `create'


  Rendered /home/aluno125/.rbenv/versions/2.3.1/lib/ruby/gems/2.3.0/gems/actionpack-4.2.6/lib/action_dispatch/middleware/templates/rescues/_source.erb (5.0ms)
  Rendered /home/aluno125/.rbenv/versions/2.3.1/lib/ruby/gems/2.3.0/gems/actionpack-4.2.6/lib/action_dispatch/middleware/templates/rescues/_trace.html.erb (2.5ms)
  Rendered /home/aluno125/.rbenv/versions/2.3.1/lib/ruby/gems/2.3.0/gems/actionpack-4.2.6/lib/action_dispatch/middleware/templates/rescues/_request_and_response.html.erb (1.1ms)
  Rendered /home/aluno125/.rbenv/versions/2.3.1/lib/ruby/gems/2.3.0/gems/actionpack-4.2.6/lib/action_dispatch/middleware/templates/rescues/diagnostics.html.erb within rescues/layout (26.3ms)
  Rendered /home/aluno125/.rbenv/versions/2.3.1/lib/ruby/gems/2.3.0/gems/web-console-2.3.0/lib/web_console/templates/_markup.html.erb (0.3ms)
  Rendered /home/aluno125/.rbenv/versions/2.3.1/lib/ruby/gems/2.3.0/gems/web-console-2.3.0/lib/web_console/templates/_inner_console_markup.html.erb within layouts/inlined_string (0.3ms)
  Rendered /home/aluno125/.rbenv/versions/2.3.1/lib/ruby/gems/2.3.0/gems/web-console-2.3.0/lib/web_console/templates/_prompt_box_markup.html.erb within layouts/inlined_string (0.2ms)
  Rendered /home/aluno125/.rbenv/versions/2.3.1/lib/ruby/gems/2.3.0/gems/web-console-2.3.0/lib/web_console/templates/style.css.erb within layouts/inlined_string (0.4ms)
  Rendered /home/aluno125/.rbenv/versions/2.3.1/lib/ruby/gems/2.3.0/gems/web-console-2.3.0/lib/web_console/templates/console.js.erb within layouts/javascript (16.6ms)
  Rendered /home/aluno125/.rbenv/versions/2.3.1/lib/ruby/gems/2.3.0/gems/web-console-2.3.0/lib/web_console/templates/main.js.erb within layouts/javascript (0.2ms)
  Rendered /home/aluno125/.rbenv/versions/2.3.1/lib/ruby/gems/2.3.0/gems/web-console-2.3.0/lib/web_console/templates/error_page.js.erb within layouts/javascript (0.3ms)
  Rendered /home/aluno125/.rbenv/versions/2.3.1/lib/ruby/gems/2.3.0/gems/web-console-2.3.0/lib/web_console/templates/index.html.erb (32.6ms)


Started POST "/admin/portfolios" for 127.0.0.1 at 2016-07-31 08:53:12 -0300
Processing by Admin::PortfoliosController#create as HTML
  Parameters: {"utf8"=>"✓", "authenticity_token"=>"Irr1QSkFsUbxiZSBG97RrJeGmO4oueIHsYgQJBi0t/tHitSwkeL5KG+PiuQsaEVz3c3ZQOgP57cFEhE/MmBjVw==", "portfolio"=>{"name"=>"Victor Santos", "degree"=>"asodijas", "phone"=>"0800", "professional_history"=>"asdas", "avatar"=>""}, "commit"=>"Create Portfolio"}
  [1m[36m (0.1ms)[0m  [1mbegin transaction[0m
  [1m[35mSQL (0.2ms)[0m  INSERT INTO "portfolios" ("name", "degree", "phone", "professional_history", "avatar", "created_at", "updated_at") VALUES (?, ?, ?, ?, ?, ?, ?)  [["name", "Victor Santos"], ["degree", "asodijas"], ["phone", "0800"], ["professional_history", "asdas"], ["avatar", ""], ["created_at", "2016-07-31 11:53:12.298907"], ["updated_at", "2016-07-31 11:53:12.298907"]]
  [1m[36m (113.7ms)[0m  [1mcommit transaction[0m
Redirected to 
Completed 500 Internal Server Error in 135ms (ActiveRecord: 114.0ms)

NoMethodError (undefined method `portfolio_url' for #<Admin::PortfoliosController:0x007fc711f2f7f8>
Did you mean?  portfolio_params):
  app/controllers/admin/portfolios_controller.rb:31:in `block (2 levels) in create'
  app/controllers/admin/portfolios_controller.rb:29:in `create'


  Rendered /home/aluno125/.rbenv/versions/2.3.1/lib/ruby/gems/2.3.0/gems/actionpack-4.2.6/lib/action_dispatch/middleware/templates/rescues/_source.erb (5.4ms)
  Rendered /home/aluno125/.rbenv/versions/2.3.1/lib/ruby/gems/2.3.0/gems/actionpack-4.2.6/lib/action_dispatch/middleware/templates/rescues/_trace.html.erb (2.3ms)
  Rendered /home/aluno125/.rbenv/versions/2.3.1/lib/ruby/gems/2.3.0/gems/actionpack-4.2.6/lib/action_dispatch/middleware/templates/rescues/_request_and_response.html.erb (1.1ms)
  Rendered /home/aluno125/.rbenv/versions/2.3.1/lib/ruby/gems/2.3.0/gems/actionpack-4.2.6/lib/action_dispatch/middleware/templates/rescues/diagnostics.html.erb within rescues/layout (25.9ms)
  Rendered /home/aluno125/.rbenv/versions/2.3.1/lib/ruby/gems/2.3.0/gems/web-console-2.3.0/lib/web_console/templates/_markup.html.erb (0.3ms)
  Rendered /home/aluno125/.rbenv/versions/2.3.1/lib/ruby/gems/2.3.0/gems/web-console-2.3.0/lib/web_console/templates/_inner_console_markup.html.erb within layouts/inlined_string (0.4ms)
  Rendered /home/aluno125/.rbenv/versions/2.3.1/lib/ruby/gems/2.3.0/gems/web-console-2.3.0/lib/web_console/templates/_prompt_box_markup.html.erb within layouts/inlined_string (0.2ms)
  Rendered /home/aluno125/.rbenv/versions/2.3.1/lib/ruby/gems/2.3.0/gems/web-console-2.3.0/lib/web_console/templates/style.css.erb within layouts/inlined_string (0.4ms)
  Rendered /home/aluno125/.rbenv/versions/2.3.1/lib/ruby/gems/2.3.0/gems/web-console-2.3.0/lib/web_console/templates/console.js.erb within layouts/javascript (16.9ms)
  Rendered /home/aluno125/.rbenv/versions/2.3.1/lib/ruby/gems/2.3.0/gems/web-console-2.3.0/lib/web_console/templates/main.js.erb within layouts/javascript (0.2ms)
  Rendered /home/aluno125/.rbenv/versions/2.3.1/lib/ruby/gems/2.3.0/gems/web-console-2.3.0/lib/web_console/templates/error_page.js.erb within layouts/javascript (0.3ms)
  Rendered /home/aluno125/.rbenv/versions/2.3.1/lib/ruby/gems/2.3.0/gems/web-console-2.3.0/lib/web_console/templates/index.html.erb (33.0ms)


Started POST "/admin/portfolios" for 127.0.0.1 at 2016-07-31 08:59:28 -0300
Processing by Admin::PortfoliosController#create as HTML
  Parameters: {"utf8"=>"✓", "authenticity_token"=>"Irr1QSkFsUbxiZSBG97RrJeGmO4oueIHsYgQJBi0t/tHitSwkeL5KG+PiuQsaEVz3c3ZQOgP57cFEhE/MmBjVw==", "portfolio"=>{"name"=>"Victor Santos", "degree"=>"asodijas", "phone"=>"0800", "professional_history"=>"asdas", "avatar"=>""}, "commit"=>"Create Portfolio"}
  [1m[35m (0.1ms)[0m  begin transaction
  [1m[36mSQL (0.2ms)[0m  [1mINSERT INTO "portfolios" ("name", "degree", "phone", "professional_history", "avatar", "created_at", "updated_at") VALUES (?, ?, ?, ?, ?, ?, ?)[0m  [["name", "Victor Santos"], ["degree", "asodijas"], ["phone", "0800"], ["professional_history", "asdas"], ["avatar", ""], ["created_at", "2016-07-31 11:59:28.357268"], ["updated_at", "2016-07-31 11:59:28.357268"]]
  [1m[35m (49.1ms)[0m  commit transaction
Redirected to http://localhost:3000/admin/portfolios/5
Completed 302 Found in 61ms (ActiveRecord: 49.9ms)


Started GET "/admin/portfolios/5" for 127.0.0.1 at 2016-07-31 08:59:28 -0300
Processing by Admin::PortfoliosController#show as HTML
  Parameters: {"id"=>"5"}
  [1m[36mPortfolio Load (0.3ms)[0m  [1mSELECT  "portfolios".* FROM "portfolios" WHERE "portfolios"."id" = ? LIMIT 1[0m  [["id", 5]]
  Rendered admin/portfolios/show.html.erb within layouts/application (39.5ms)
Completed 500 Internal Server Error in 72ms (ActiveRecord: 0.3ms)

ActionView::Template::Error (undefined local variable or method `edit_portfolio_path' for #<#<Class:0x007fc70cdd7298>:0x007fc70cdbb228>
Did you mean?  edit_admin_portfolio_path
               admin_portfolio_path
               edit_polymorphic_path
               admin_portfolios_path):
    25:   <%= @portfolio.avatar %>
    26: </p>
    27: 
    28: <%= link_to 'Edit', edit_portfolio_path[:admin, @portfolio] %> |
    29: <%= link_to 'Back', admin_portfolios_path %>
  app/views/admin/portfolios/show.html.erb:28:in `_app_views_admin_portfolios_show_html_erb___3737306989456723789_70246445469540'


  Rendered /home/aluno125/.rbenv/versions/2.3.1/lib/ruby/gems/2.3.0/gems/actionpack-4.2.6/lib/action_dispatch/middleware/templates/rescues/_source.erb (14.4ms)
  Rendered /home/aluno125/.rbenv/versions/2.3.1/lib/ruby/gems/2.3.0/gems/actionpack-4.2.6/lib/action_dispatch/middleware/templates/rescues/_trace.html.erb (3.7ms)
  Rendered /home/aluno125/.rbenv/versions/2.3.1/lib/ruby/gems/2.3.0/gems/actionpack-4.2.6/lib/action_dispatch/middleware/templates/rescues/_request_and_response.html.erb (1.0ms)
  Rendered /home/aluno125/.rbenv/versions/2.3.1/lib/ruby/gems/2.3.0/gems/actionpack-4.2.6/lib/action_dispatch/middleware/templates/rescues/template_error.html.erb within rescues/layout (33.7ms)
  Rendered /home/aluno125/.rbenv/versions/2.3.1/lib/ruby/gems/2.3.0/gems/web-console-2.3.0/lib/web_console/templates/_markup.html.erb (0.3ms)
  Rendered /home/aluno125/.rbenv/versions/2.3.1/lib/ruby/gems/2.3.0/gems/web-console-2.3.0/lib/web_console/templates/_inner_console_markup.html.erb within layouts/inlined_string (0.4ms)
  Rendered /home/aluno125/.rbenv/versions/2.3.1/lib/ruby/gems/2.3.0/gems/web-console-2.3.0/lib/web_console/templates/_prompt_box_markup.html.erb within layouts/inlined_string (0.3ms)
  Rendered /home/aluno125/.rbenv/versions/2.3.1/lib/ruby/gems/2.3.0/gems/web-console-2.3.0/lib/web_console/templates/style.css.erb within layouts/inlined_string (0.2ms)
  Rendered /home/aluno125/.rbenv/versions/2.3.1/lib/ruby/gems/2.3.0/gems/web-console-2.3.0/lib/web_console/templates/console.js.erb within layouts/javascript (16.1ms)
  Rendered /home/aluno125/.rbenv/versions/2.3.1/lib/ruby/gems/2.3.0/gems/web-console-2.3.0/lib/web_console/templates/main.js.erb within layouts/javascript (0.2ms)
  Rendered /home/aluno125/.rbenv/versions/2.3.1/lib/ruby/gems/2.3.0/gems/web-console-2.3.0/lib/web_console/templates/error_page.js.erb within layouts/javascript (0.4ms)
  Rendered /home/aluno125/.rbenv/versions/2.3.1/lib/ruby/gems/2.3.0/gems/web-console-2.3.0/lib/web_console/templates/index.html.erb (32.1ms)


Started GET "/admin/portfolios/5" for 127.0.0.1 at 2016-07-31 09:00:14 -0300
Processing by Admin::PortfoliosController#show as HTML
  Parameters: {"id"=>"5"}
  [1m[35mPortfolio Load (0.1ms)[0m  SELECT  "portfolios".* FROM "portfolios" WHERE "portfolios"."id" = ? LIMIT 1  [["id", 5]]
  Rendered admin/portfolios/show.html.erb within layouts/application (0.9ms)
Completed 200 OK in 17ms (Views: 15.7ms | ActiveRecord: 0.1ms)


Started GET "/assets/portfolios.self-e3b0c44298fc1c149afbf4c8996fb92427ae41e4649b934ca495991b7852b855.css?body=1" for 127.0.0.1 at 2016-07-31 09:00:14 -0300


Started GET "/assets/application.self-e80e8f2318043e8af94dddc2adad5a4f09739a8ebb323b3ab31cd71d45fd9113.css?body=1" for 127.0.0.1 at 2016-07-31 09:00:14 -0300


Started GET "/assets/jquery.self-660adc51e0224b731d29f575a6f1ec167ba08ad06ed5deca4f1e8654c135bf4c.js?body=1" for 127.0.0.1 at 2016-07-31 09:00:14 -0300


Started GET "/assets/jquery_ujs.self-e87806d0cf4489aeb1bb7288016024e8de67fd18db693fe026fe3907581e53cd.js?body=1" for 127.0.0.1 at 2016-07-31 09:00:14 -0300


Started GET "/assets/scaffolds.self-329a6e687b9c5203bd31a41bb3a81080f4daa43de1adb43ac5c5f6c31ea6dc8e.css?body=1" for 127.0.0.1 at 2016-07-31 09:00:14 -0300


Started GET "/assets/portfolios.self-877aef30ae1b040ab8a3aba4e3e309a11d7f2612f44dde450b5c157aa5f95c05.js?body=1" for 127.0.0.1 at 2016-07-31 09:00:14 -0300


Started GET "/assets/turbolinks.self-c5acd7a204f5f25ce7a1d8a0e4d92e28d34c9e2df2c7371cd7af88e147e4ad82.js?body=1" for 127.0.0.1 at 2016-07-31 09:00:14 -0300


Started GET "/assets/application.self-3b8dabdc891efe46b9a144b400ad69e37d7e5876bdc39dee783419a69d7ca819.js?body=1" for 127.0.0.1 at 2016-07-31 09:00:14 -0300


Started GET "/admin/portfolios/5" for 127.0.0.1 at 2016-07-31 09:00:14 -0300
Processing by Admin::PortfoliosController#show as HTML
  Parameters: {"id"=>"5"}
  [1m[36mPortfolio Load (0.2ms)[0m  [1mSELECT  "portfolios".* FROM "portfolios" WHERE "portfolios"."id" = ? LIMIT 1[0m  [["id", 5]]
  Rendered admin/portfolios/show.html.erb within layouts/application (0.4ms)
Completed 200 OK in 16ms (Views: 14.6ms | ActiveRecord: 0.2ms)


Started GET "/admin/portfolios" for 127.0.0.1 at 2016-07-31 09:00:17 -0300
Processing by Admin::PortfoliosController#index as HTML
  [1m[35mPortfolio Load (0.4ms)[0m  SELECT "portfolios".* FROM "portfolios"
  Rendered admin/portfolios/index.html.erb within layouts/application (37.2ms)
Completed 500 Internal Server Error in 40ms (ActiveRecord: 0.4ms)

ActionView::Template::Error (undefined method `portfolio_path' for #<#<Class:0x007fc70cdd7298>:0x007fc70cc40f88>):
    22:         <td><%= portfolio.phone %></td>
    23:         <td><%= portfolio.professional_history %></td>
    24:         <td><%= portfolio.avatar %></td>
    25:         <td><%= link_to 'Show', portfolio %></td>
    26:         <td><%= link_to 'Edit', edit_portfolio_path(portfolio) %></td>
    27:         <td><%= link_to 'Destroy', portfolio, method: :delete, data: { confirm: 'Are you sure?' } %></td>
    28:       </tr>
  app/views/admin/portfolios/index.html.erb:25:in `block in _app_views_admin_portfolios_index_html_erb___2389437246444628612_70246445878960'
  app/views/admin/portfolios/index.html.erb:18:in `_app_views_admin_portfolios_index_html_erb___2389437246444628612_70246445878960'


  Rendered /home/aluno125/.rbenv/versions/2.3.1/lib/ruby/gems/2.3.0/gems/actionpack-4.2.6/lib/action_dispatch/middleware/templates/rescues/_source.erb (13.3ms)
  Rendered /home/aluno125/.rbenv/versions/2.3.1/lib/ruby/gems/2.3.0/gems/actionpack-4.2.6/lib/action_dispatch/middleware/templates/rescues/_trace.html.erb (3.3ms)
  Rendered /home/aluno125/.rbenv/versions/2.3.1/lib/ruby/gems/2.3.0/gems/actionpack-4.2.6/lib/action_dispatch/middleware/templates/rescues/_request_and_response.html.erb (1.2ms)
  Rendered /home/aluno125/.rbenv/versions/2.3.1/lib/ruby/gems/2.3.0/gems/actionpack-4.2.6/lib/action_dispatch/middleware/templates/rescues/template_error.html.erb within rescues/layout (37.4ms)
  Rendered /home/aluno125/.rbenv/versions/2.3.1/lib/ruby/gems/2.3.0/gems/web-console-2.3.0/lib/web_console/templates/_markup.html.erb (0.5ms)
  Rendered /home/aluno125/.rbenv/versions/2.3.1/lib/ruby/gems/2.3.0/gems/web-console-2.3.0/lib/web_console/templates/_inner_console_markup.html.erb within layouts/inlined_string (0.5ms)
  Rendered /home/aluno125/.rbenv/versions/2.3.1/lib/ruby/gems/2.3.0/gems/web-console-2.3.0/lib/web_console/templates/_prompt_box_markup.html.erb within layouts/inlined_string (0.4ms)
  Rendered /home/aluno125/.rbenv/versions/2.3.1/lib/ruby/gems/2.3.0/gems/web-console-2.3.0/lib/web_console/templates/style.css.erb within layouts/inlined_string (0.9ms)
  Rendered /home/aluno125/.rbenv/versions/2.3.1/lib/ruby/gems/2.3.0/gems/web-console-2.3.0/lib/web_console/templates/console.js.erb within layouts/javascript (20.6ms)
  Rendered /home/aluno125/.rbenv/versions/2.3.1/lib/ruby/gems/2.3.0/gems/web-console-2.3.0/lib/web_console/templates/main.js.erb within layouts/javascript (0.4ms)
  Rendered /home/aluno125/.rbenv/versions/2.3.1/lib/ruby/gems/2.3.0/gems/web-console-2.3.0/lib/web_console/templates/error_page.js.erb within layouts/javascript (0.6ms)
  Rendered /home/aluno125/.rbenv/versions/2.3.1/lib/ruby/gems/2.3.0/gems/web-console-2.3.0/lib/web_console/templates/index.html.erb (40.3ms)


Started GET "/admin/portfolios" for 127.0.0.1 at 2016-07-31 09:01:40 -0300
Processing by Admin::PortfoliosController#index as HTML
  [1m[36mPortfolio Load (0.4ms)[0m  [1mSELECT "portfolios".* FROM "portfolios"[0m
  Rendered admin/portfolios/index.html.erb within layouts/application (29.5ms)
Completed 500 Internal Server Error in 33ms (ActiveRecord: 0.4ms)

ActionView::Template::Error (undefined method `portfolio_path' for #<#<Class:0x007fc70cdd7298>:0x007fc70ceaf3a0>):
    24:         <td><%= portfolio.avatar %></td>
    25:         <td><%= link_to 'Show', [:admin,portfolio] %></td>
    26:         <td><%= link_to 'Edit', edit_admin_portfolio_path(portfolio) %></td>
    27:         <td><%= link_to 'Destroy', portfolio, method: :delete, data: { confirm: 'Are you sure?' } %></td>
    28:       </tr>
    29:     <% end %>
    30:   </tbody>
  app/views/admin/portfolios/index.html.erb:27:in `block in _app_views_admin_portfolios_index_html_erb___2389437246444628612_70246445969360'
  app/views/admin/portfolios/index.html.erb:18:in `_app_views_admin_portfolios_index_html_erb___2389437246444628612_70246445969360'


  Rendered /home/aluno125/.rbenv/versions/2.3.1/lib/ruby/gems/2.3.0/gems/actionpack-4.2.6/lib/action_dispatch/middleware/templates/rescues/_source.erb (6.6ms)
  Rendered /home/aluno125/.rbenv/versions/2.3.1/lib/ruby/gems/2.3.0/gems/actionpack-4.2.6/lib/action_dispatch/middleware/templates/rescues/_trace.html.erb (2.8ms)
  Rendered /home/aluno125/.rbenv/versions/2.3.1/lib/ruby/gems/2.3.0/gems/actionpack-4.2.6/lib/action_dispatch/middleware/templates/rescues/_request_and_response.html.erb (1.0ms)
  Rendered /home/aluno125/.rbenv/versions/2.3.1/lib/ruby/gems/2.3.0/gems/actionpack-4.2.6/lib/action_dispatch/middleware/templates/rescues/template_error.html.erb within rescues/layout (24.7ms)
  Rendered /home/aluno125/.rbenv/versions/2.3.1/lib/ruby/gems/2.3.0/gems/web-console-2.3.0/lib/web_console/templates/_markup.html.erb (0.3ms)
  Rendered /home/aluno125/.rbenv/versions/2.3.1/lib/ruby/gems/2.3.0/gems/web-console-2.3.0/lib/web_console/templates/_inner_console_markup.html.erb within layouts/inlined_string (0.4ms)
  Rendered /home/aluno125/.rbenv/versions/2.3.1/lib/ruby/gems/2.3.0/gems/web-console-2.3.0/lib/web_console/templates/_prompt_box_markup.html.erb within layouts/inlined_string (0.2ms)
  Rendered /home/aluno125/.rbenv/versions/2.3.1/lib/ruby/gems/2.3.0/gems/web-console-2.3.0/lib/web_console/templates/style.css.erb within layouts/inlined_string (0.3ms)
  Rendered /home/aluno125/.rbenv/versions/2.3.1/lib/ruby/gems/2.3.0/gems/web-console-2.3.0/lib/web_console/templates/console.js.erb within layouts/javascript (17.1ms)
  Rendered /home/aluno125/.rbenv/versions/2.3.1/lib/ruby/gems/2.3.0/gems/web-console-2.3.0/lib/web_console/templates/main.js.erb within layouts/javascript (0.3ms)
  Rendered /home/aluno125/.rbenv/versions/2.3.1/lib/ruby/gems/2.3.0/gems/web-console-2.3.0/lib/web_console/templates/error_page.js.erb within layouts/javascript (0.4ms)
  Rendered /home/aluno125/.rbenv/versions/2.3.1/lib/ruby/gems/2.3.0/gems/web-console-2.3.0/lib/web_console/templates/index.html.erb (33.4ms)


Started GET "/admin/portfolios" for 127.0.0.1 at 2016-07-31 09:02:06 -0300
Processing by Admin::PortfoliosController#index as HTML
  [1m[35mPortfolio Load (0.3ms)[0m  SELECT "portfolios".* FROM "portfolios"
  Rendered admin/portfolios/index.html.erb within layouts/application (4.1ms)
Completed 500 Internal Server Error in 7ms (ActiveRecord: 0.3ms)

ActionView::Template::Error (wrong number of arguments (given 4, expected 0..3)):
    24:         <td><%= portfolio.avatar %></td>
    25:         <td><%= link_to 'Show', [:admin,portfolio] %></td>
    26:         <td><%= link_to 'Edit', edit_admin_portfolio_path(portfolio) %></td>
    27:         <td><%= link_to 'Destroy', portfolio, [:admin, portfolio], method: :delete, data: { confirm: 'Are you sure?' } %></td>
    28:       </tr>
    29:     <% end %>
    30:   </tbody>
  app/views/admin/portfolios/index.html.erb:27:in `block in _app_views_admin_portfolios_index_html_erb___2389437246444628612_47141421952580'
  app/views/admin/portfolios/index.html.erb:18:in `_app_views_admin_portfolios_index_html_erb___2389437246444628612_47141421952580'


  Rendered /home/aluno125/.rbenv/versions/2.3.1/lib/ruby/gems/2.3.0/gems/actionpack-4.2.6/lib/action_dispatch/middleware/templates/rescues/_source.erb (6.2ms)
  Rendered /home/aluno125/.rbenv/versions/2.3.1/lib/ruby/gems/2.3.0/gems/actionpack-4.2.6/lib/action_dispatch/middleware/templates/rescues/_trace.html.erb (2.6ms)
  Rendered /home/aluno125/.rbenv/versions/2.3.1/lib/ruby/gems/2.3.0/gems/actionpack-4.2.6/lib/action_dispatch/middleware/templates/rescues/_request_and_response.html.erb (0.9ms)
  Rendered /home/aluno125/.rbenv/versions/2.3.1/lib/ruby/gems/2.3.0/gems/actionpack-4.2.6/lib/action_dispatch/middleware/templates/rescues/template_error.html.erb within rescues/layout (23.4ms)
  Rendered /home/aluno125/.rbenv/versions/2.3.1/lib/ruby/gems/2.3.0/gems/web-console-2.3.0/lib/web_console/templates/_markup.html.erb (0.3ms)
  Rendered /home/aluno125/.rbenv/versions/2.3.1/lib/ruby/gems/2.3.0/gems/web-console-2.3.0/lib/web_console/templates/_inner_console_markup.html.erb within layouts/inlined_string (0.4ms)
  Rendered /home/aluno125/.rbenv/versions/2.3.1/lib/ruby/gems/2.3.0/gems/web-console-2.3.0/lib/web_console/templates/_prompt_box_markup.html.erb within layouts/inlined_string (0.3ms)
  Rendered /home/aluno125/.rbenv/versions/2.3.1/lib/ruby/gems/2.3.0/gems/web-console-2.3.0/lib/web_console/templates/style.css.erb within layouts/inlined_string (0.3ms)
  Rendered /home/aluno125/.rbenv/versions/2.3.1/lib/ruby/gems/2.3.0/gems/web-console-2.3.0/lib/web_console/templates/console.js.erb within layouts/javascript (16.5ms)
  Rendered /home/aluno125/.rbenv/versions/2.3.1/lib/ruby/gems/2.3.0/gems/web-console-2.3.0/lib/web_console/templates/main.js.erb within layouts/javascript (0.2ms)
  Rendered /home/aluno125/.rbenv/versions/2.3.1/lib/ruby/gems/2.3.0/gems/web-console-2.3.0/lib/web_console/templates/error_page.js.erb within layouts/javascript (0.3ms)
  Rendered /home/aluno125/.rbenv/versions/2.3.1/lib/ruby/gems/2.3.0/gems/web-console-2.3.0/lib/web_console/templates/index.html.erb (32.6ms)


Started GET "/admin/portfolios" for 127.0.0.1 at 2016-07-31 09:02:13 -0300
Processing by Admin::PortfoliosController#index as HTML
  [1m[36mPortfolio Load (0.2ms)[0m  [1mSELECT "portfolios".* FROM "portfolios"[0m
  Rendered admin/portfolios/index.html.erb within layouts/application (3.1ms)
Completed 500 Internal Server Error in 5ms (ActiveRecord: 0.2ms)

ActionView::Template::Error (wrong number of arguments (given 4, expected 0..3)):
    24:         <td><%= portfolio.avatar %></td>
    25:         <td><%= link_to 'Show', [:admin,portfolio] %></td>
    26:         <td><%= link_to 'Edit', edit_admin_portfolio_path(portfolio) %></td>
    27:         <td><%= link_to 'Destroy', portfolio, [:admin, @portfolio], method: :delete, data: { confirm: 'Are you sure?' } %></td>
    28:       </tr>
    29:     <% end %>
    30:   </tbody>
  app/views/admin/portfolios/index.html.erb:27:in `block in _app_views_admin_portfolios_index_html_erb___2389437246444628612_70246488179460'
  app/views/admin/portfolios/index.html.erb:18:in `_app_views_admin_portfolios_index_html_erb___2389437246444628612_70246488179460'


  Rendered /home/aluno125/.rbenv/versions/2.3.1/lib/ruby/gems/2.3.0/gems/actionpack-4.2.6/lib/action_dispatch/middleware/templates/rescues/_source.erb (6.0ms)
  Rendered /home/aluno125/.rbenv/versions/2.3.1/lib/ruby/gems/2.3.0/gems/actionpack-4.2.6/lib/action_dispatch/middleware/templates/rescues/_trace.html.erb (2.6ms)
  Rendered /home/aluno125/.rbenv/versions/2.3.1/lib/ruby/gems/2.3.0/gems/actionpack-4.2.6/lib/action_dispatch/middleware/templates/rescues/_request_and_response.html.erb (1.0ms)
  Rendered /home/aluno125/.rbenv/versions/2.3.1/lib/ruby/gems/2.3.0/gems/actionpack-4.2.6/lib/action_dispatch/middleware/templates/rescues/template_error.html.erb within rescues/layout (23.2ms)
  Rendered /home/aluno125/.rbenv/versions/2.3.1/lib/ruby/gems/2.3.0/gems/web-console-2.3.0/lib/web_console/templates/_markup.html.erb (0.3ms)
  Rendered /home/aluno125/.rbenv/versions/2.3.1/lib/ruby/gems/2.3.0/gems/web-console-2.3.0/lib/web_console/templates/_inner_console_markup.html.erb within layouts/inlined_string (0.4ms)
  Rendered /home/aluno125/.rbenv/versions/2.3.1/lib/ruby/gems/2.3.0/gems/web-console-2.3.0/lib/web_console/templates/_prompt_box_markup.html.erb within layouts/inlined_string (0.3ms)
  Rendered /home/aluno125/.rbenv/versions/2.3.1/lib/ruby/gems/2.3.0/gems/web-console-2.3.0/lib/web_console/templates/style.css.erb within layouts/inlined_string (0.2ms)
  Rendered /home/aluno125/.rbenv/versions/2.3.1/lib/ruby/gems/2.3.0/gems/web-console-2.3.0/lib/web_console/templates/console.js.erb within layouts/javascript (16.7ms)
  Rendered /home/aluno125/.rbenv/versions/2.3.1/lib/ruby/gems/2.3.0/gems/web-console-2.3.0/lib/web_console/templates/main.js.erb within layouts/javascript (0.2ms)
  Rendered /home/aluno125/.rbenv/versions/2.3.1/lib/ruby/gems/2.3.0/gems/web-console-2.3.0/lib/web_console/templates/error_page.js.erb within layouts/javascript (0.3ms)
  Rendered /home/aluno125/.rbenv/versions/2.3.1/lib/ruby/gems/2.3.0/gems/web-console-2.3.0/lib/web_console/templates/index.html.erb (32.5ms)


Started GET "/admin/portfolios" for 127.0.0.1 at 2016-07-31 09:02:33 -0300
Processing by Admin::PortfoliosController#index as HTML
  [1m[35mPortfolio Load (0.2ms)[0m  SELECT "portfolios".* FROM "portfolios"
  Rendered admin/portfolios/index.html.erb within layouts/application (3.4ms)
Completed 200 OK in 18ms (Views: 17.4ms | ActiveRecord: 0.2ms)


Started GET "/assets/portfolios.self-e3b0c44298fc1c149afbf4c8996fb92427ae41e4649b934ca495991b7852b855.css?body=1" for 127.0.0.1 at 2016-07-31 09:02:33 -0300


Started GET "/assets/scaffolds.self-329a6e687b9c5203bd31a41bb3a81080f4daa43de1adb43ac5c5f6c31ea6dc8e.css?body=1" for 127.0.0.1 at 2016-07-31 09:02:33 -0300


Started GET "/assets/jquery.self-660adc51e0224b731d29f575a6f1ec167ba08ad06ed5deca4f1e8654c135bf4c.js?body=1" for 127.0.0.1 at 2016-07-31 09:02:33 -0300


Started GET "/assets/application.self-e80e8f2318043e8af94dddc2adad5a4f09739a8ebb323b3ab31cd71d45fd9113.css?body=1" for 127.0.0.1 at 2016-07-31 09:02:33 -0300


Started GET "/assets/jquery_ujs.self-e87806d0cf4489aeb1bb7288016024e8de67fd18db693fe026fe3907581e53cd.js?body=1" for 127.0.0.1 at 2016-07-31 09:02:33 -0300


Started GET "/assets/turbolinks.self-c5acd7a204f5f25ce7a1d8a0e4d92e28d34c9e2df2c7371cd7af88e147e4ad82.js?body=1" for 127.0.0.1 at 2016-07-31 09:02:33 -0300


Started GET "/assets/portfolios.self-877aef30ae1b040ab8a3aba4e3e309a11d7f2612f44dde450b5c157aa5f95c05.js?body=1" for 127.0.0.1 at 2016-07-31 09:02:33 -0300


Started GET "/assets/application.self-3b8dabdc891efe46b9a144b400ad69e37d7e5876bdc39dee783419a69d7ca819.js?body=1" for 127.0.0.1 at 2016-07-31 09:02:33 -0300


Started GET "/admin/portfolios/new" for 127.0.0.1 at 2016-07-31 09:02:43 -0300
Processing by Admin::PortfoliosController#new as HTML
  Rendered admin/portfolios/_form.html.erb (4.2ms)
  Rendered admin/portfolios/new.html.erb within layouts/application (5.4ms)
Completed 200 OK in 28ms (Views: 27.2ms | ActiveRecord: 0.0ms)


Started GET "/admin/portfolios" for 127.0.0.1 at 2016-07-31 09:02:44 -0300
Processing by Admin::PortfoliosController#index as HTML
  [1m[36mPortfolio Load (0.3ms)[0m  [1mSELECT "portfolios".* FROM "portfolios"[0m
  Rendered admin/portfolios/index.html.erb within layouts/application (3.8ms)
Completed 200 OK in 27ms (Views: 25.9ms | ActiveRecord: 0.3ms)


Started DELETE "/admin/portfolios/5" for 127.0.0.1 at 2016-07-31 09:02:47 -0300
Processing by Admin::PortfoliosController#destroy as HTML
  Parameters: {"authenticity_token"=>"Zyp75ItmwyiQ/N5SwwTBp2egWwMZI0Wq74/mn6IXn1gCGloVM4GLRg76wDf0slV4LesardmVQBpbFeeEiMNL9A==", "id"=>"5"}
  [1m[35mPortfolio Load (0.1ms)[0m  SELECT  "portfolios".* FROM "portfolios" WHERE "portfolios"."id" = ? LIMIT 1  [["id", 5]]
  [1m[36m (0.1ms)[0m  [1mbegin transaction[0m
  [1m[35mSQL (0.2ms)[0m  DELETE FROM "portfolios" WHERE "portfolios"."id" = ?  [["id", 5]]
  [1m[36m (46.6ms)[0m  [1mcommit transaction[0m
Completed 500 Internal Server Error in 72ms (ActiveRecord: 47.1ms)

NameError (undefined local variable or method `portfolios_url' for #<Admin::PortfoliosController:0x007fc71194cca0>
Did you mean?  portfolio_params):
  app/controllers/admin/portfolios_controller.rb:39:in `destroy'


  Rendered /home/aluno125/.rbenv/versions/2.3.1/lib/ruby/gems/2.3.0/gems/actionpack-4.2.6/lib/action_dispatch/middleware/templates/rescues/_source.erb (4.4ms)
  Rendered /home/aluno125/.rbenv/versions/2.3.1/lib/ruby/gems/2.3.0/gems/actionpack-4.2.6/lib/action_dispatch/middleware/templates/rescues/_trace.html.erb (2.1ms)
  Rendered /home/aluno125/.rbenv/versions/2.3.1/lib/ruby/gems/2.3.0/gems/actionpack-4.2.6/lib/action_dispatch/middleware/templates/rescues/_request_and_response.html.erb (1.0ms)
  Rendered /home/aluno125/.rbenv/versions/2.3.1/lib/ruby/gems/2.3.0/gems/actionpack-4.2.6/lib/action_dispatch/middleware/templates/rescues/diagnostics.html.erb within rescues/layout (24.3ms)
  Rendered /home/aluno125/.rbenv/versions/2.3.1/lib/ruby/gems/2.3.0/gems/web-console-2.3.0/lib/web_console/templates/_markup.html.erb (0.3ms)
  Rendered /home/aluno125/.rbenv/versions/2.3.1/lib/ruby/gems/2.3.0/gems/web-console-2.3.0/lib/web_console/templates/_inner_console_markup.html.erb within layouts/inlined_string (0.5ms)
  Rendered /home/aluno125/.rbenv/versions/2.3.1/lib/ruby/gems/2.3.0/gems/web-console-2.3.0/lib/web_console/templates/_prompt_box_markup.html.erb within layouts/inlined_string (0.3ms)
  Rendered /home/aluno125/.rbenv/versions/2.3.1/lib/ruby/gems/2.3.0/gems/web-console-2.3.0/lib/web_console/templates/style.css.erb within layouts/inlined_string (0.3ms)
  Rendered /home/aluno125/.rbenv/versions/2.3.1/lib/ruby/gems/2.3.0/gems/web-console-2.3.0/lib/web_console/templates/console.js.erb within layouts/javascript (16.7ms)
  Rendered /home/aluno125/.rbenv/versions/2.3.1/lib/ruby/gems/2.3.0/gems/web-console-2.3.0/lib/web_console/templates/main.js.erb within layouts/javascript (0.2ms)
  Rendered /home/aluno125/.rbenv/versions/2.3.1/lib/ruby/gems/2.3.0/gems/web-console-2.3.0/lib/web_console/templates/error_page.js.erb within layouts/javascript (0.4ms)
  Rendered /home/aluno125/.rbenv/versions/2.3.1/lib/ruby/gems/2.3.0/gems/web-console-2.3.0/lib/web_console/templates/index.html.erb (33.1ms)


Started DELETE "/admin/portfolios/5" for 127.0.0.1 at 2016-07-31 09:04:23 -0300
Processing by Admin::PortfoliosController#destroy as HTML
  Parameters: {"authenticity_token"=>"Zyp75ItmwyiQ/N5SwwTBp2egWwMZI0Wq74/mn6IXn1gCGloVM4GLRg76wDf0slV4LesardmVQBpbFeeEiMNL9A==", "id"=>"5"}
  [1m[35mPortfolio Load (0.1ms)[0m  SELECT  "portfolios".* FROM "portfolios" WHERE "portfolios"."id" = ? LIMIT 1  [["id", 5]]
Completed 404 Not Found in 5ms (ActiveRecord: 0.7ms)

ActiveRecord::RecordNotFound (Couldn't find Portfolio with 'id'=5):
  app/controllers/admin/portfolios_controller.rb:45:in `set_portfolio'


  Rendered /home/aluno125/.rbenv/versions/2.3.1/lib/ruby/gems/2.3.0/gems/actionpack-4.2.6/lib/action_dispatch/middleware/templates/rescues/_source.erb (4.3ms)
  Rendered /home/aluno125/.rbenv/versions/2.3.1/lib/ruby/gems/2.3.0/gems/actionpack-4.2.6/lib/action_dispatch/middleware/templates/rescues/_trace.html.erb (2.2ms)
  Rendered /home/aluno125/.rbenv/versions/2.3.1/lib/ruby/gems/2.3.0/gems/actionpack-4.2.6/lib/action_dispatch/middleware/templates/rescues/_request_and_response.html.erb (1.1ms)
  Rendered /home/aluno125/.rbenv/versions/2.3.1/lib/ruby/gems/2.3.0/gems/actionpack-4.2.6/lib/action_dispatch/middleware/templates/rescues/diagnostics.html.erb within rescues/layout (21.7ms)
  Rendered /home/aluno125/.rbenv/versions/2.3.1/lib/ruby/gems/2.3.0/gems/web-console-2.3.0/lib/web_console/templates/_markup.html.erb (0.3ms)
  Rendered /home/aluno125/.rbenv/versions/2.3.1/lib/ruby/gems/2.3.0/gems/web-console-2.3.0/lib/web_console/templates/_inner_console_markup.html.erb within layouts/inlined_string (0.4ms)
  Rendered /home/aluno125/.rbenv/versions/2.3.1/lib/ruby/gems/2.3.0/gems/web-console-2.3.0/lib/web_console/templates/_prompt_box_markup.html.erb within layouts/inlined_string (0.2ms)
  Rendered /home/aluno125/.rbenv/versions/2.3.1/lib/ruby/gems/2.3.0/gems/web-console-2.3.0/lib/web_console/templates/style.css.erb within layouts/inlined_string (0.4ms)
  Rendered /home/aluno125/.rbenv/versions/2.3.1/lib/ruby/gems/2.3.0/gems/web-console-2.3.0/lib/web_console/templates/console.js.erb within layouts/javascript (17.2ms)
  Rendered /home/aluno125/.rbenv/versions/2.3.1/lib/ruby/gems/2.3.0/gems/web-console-2.3.0/lib/web_console/templates/main.js.erb within layouts/javascript (0.3ms)
  Rendered /home/aluno125/.rbenv/versions/2.3.1/lib/ruby/gems/2.3.0/gems/web-console-2.3.0/lib/web_console/templates/error_page.js.erb within layouts/javascript (0.3ms)
  Rendered /home/aluno125/.rbenv/versions/2.3.1/lib/ruby/gems/2.3.0/gems/web-console-2.3.0/lib/web_console/templates/index.html.erb (33.6ms)


Started GET "/admin/portfolios/" for 127.0.0.1 at 2016-07-31 09:04:35 -0300
Processing by Admin::PortfoliosController#index as HTML
  [1m[36mPortfolio Load (0.2ms)[0m  [1mSELECT "portfolios".* FROM "portfolios"[0m
  Rendered admin/portfolios/index.html.erb within layouts/application (8.8ms)
Completed 200 OK in 26ms (Views: 25.3ms | ActiveRecord: 0.2ms)


Started DELETE "/admin/portfolios/1" for 127.0.0.1 at 2016-07-31 09:04:39 -0300
Processing by Admin::PortfoliosController#destroy as HTML
  Parameters: {"authenticity_token"=>"j4koCXjd0pSpjtT5ib20mlsGTo0eTwWeOI+Cz2OS1V7quQn4wDqa+jeIypy+CyBFEU0PI975AC6MFYPUSUYB8g==", "id"=>"1"}
  [1m[35mPortfolio Load (0.2ms)[0m  SELECT  "portfolios".* FROM "portfolios" WHERE "portfolios"."id" = ? LIMIT 1  [["id", 1]]
  [1m[36m (0.1ms)[0m  [1mbegin transaction[0m
  [1m[35mSQL (0.2ms)[0m  DELETE FROM "portfolios" WHERE "portfolios"."id" = ?  [["id", 1]]
  [1m[36m (68.6ms)[0m  [1mcommit transaction[0m
Redirected to http://localhost:3000/admin/portfolios
Completed 302 Found in 72ms (ActiveRecord: 69.0ms)


Started GET "/admin/portfolios" for 127.0.0.1 at 2016-07-31 09:04:39 -0300
Processing by Admin::PortfoliosController#index as HTML
  [1m[35mPortfolio Load (0.4ms)[0m  SELECT "portfolios".* FROM "portfolios"
  Rendered admin/portfolios/index.html.erb within layouts/application (3.1ms)
Completed 200 OK in 29ms (Views: 27.3ms | ActiveRecord: 0.4ms)


Started DELETE "/admin/portfolios/2" for 127.0.0.1 at 2016-07-31 09:04:43 -0300
Processing by Admin::PortfoliosController#destroy as HTML
  Parameters: {"authenticity_token"=>"RmMygN+4JJsieSvbmKhNQUDuKPbbyMDw9k+YO3oLzVYjUxNxZ19s9bx/Nb6vHtmeCqVpWBt+xUBC1ZkgUN8Z+g==", "id"=>"2"}
  [1m[36mPortfolio Load (0.1ms)[0m  [1mSELECT  "portfolios".* FROM "portfolios" WHERE "portfolios"."id" = ? LIMIT 1[0m  [["id", 2]]
  [1m[35m (0.1ms)[0m  begin transaction
  [1m[36mSQL (0.2ms)[0m  [1mDELETE FROM "portfolios" WHERE "portfolios"."id" = ?[0m  [["id", 2]]
  [1m[35m (139.3ms)[0m  commit transaction
Redirected to http://localhost:3000/admin/portfolios
Completed 302 Found in 143ms (ActiveRecord: 139.7ms)


Started GET "/admin/portfolios" for 127.0.0.1 at 2016-07-31 09:04:43 -0300
Processing by Admin::PortfoliosController#index as HTML
  [1m[36mPortfolio Load (0.3ms)[0m  [1mSELECT "portfolios".* FROM "portfolios"[0m
  Rendered admin/portfolios/index.html.erb within layouts/application (1.9ms)
Completed 200 OK in 17ms (Views: 15.6ms | ActiveRecord: 0.3ms)


Started DELETE "/admin/portfolios/3" for 127.0.0.1 at 2016-07-31 09:04:48 -0300
Processing by Admin::PortfoliosController#destroy as HTML
  Parameters: {"authenticity_token"=>"NlQuwUl+c6GjkKLa4KoGLUbsescT/ob7SAO2kHfNbQ9TZA8w8Zk7zz2WvL/XHJLyDKc7adNIg0v8mbeLXRm5ow==", "id"=>"3"}
  [1m[35mPortfolio Load (0.2ms)[0m  SELECT  "portfolios".* FROM "portfolios" WHERE "portfolios"."id" = ? LIMIT 1  [["id", 3]]
  [1m[36m (0.2ms)[0m  [1mbegin transaction[0m
  [1m[35mSQL (0.1ms)[0m  DELETE FROM "portfolios" WHERE "portfolios"."id" = ?  [["id", 3]]
  [1m[36m (86.4ms)[0m  [1mcommit transaction[0m
Redirected to http://localhost:3000/admin/portfolios
Completed 302 Found in 90ms (ActiveRecord: 86.9ms)


Started GET "/admin/portfolios" for 127.0.0.1 at 2016-07-31 09:04:48 -0300
Processing by Admin::PortfoliosController#index as HTML
  [1m[35mPortfolio Load (0.3ms)[0m  SELECT "portfolios".* FROM "portfolios"
  Rendered admin/portfolios/index.html.erb within layouts/application (2.2ms)
Completed 200 OK in 19ms (Views: 18.2ms | ActiveRecord: 0.3ms)
